Using pre-set license
Built from '2020.2/staging' branch; Version is '2020.2.3f1 (8ff31bc5bf5b) revision 9433883'; Using compiler version '192528614'; Build Type 'Release'
OS: 'Windows 10 Home; OS build 18363.1440; Version 1909; 64bit' Language: 'zh' Physical Memory: 8047 MB
BatchMode: 1, IsHumanControllingUs: 0, StartBugReporterOnCrash: 0, Is64bit: 1, IsPro: 0

 COMMAND LINE ARGUMENTS:
D:\Program Files\2020.2.3f1\Editor\Unity.exe
-adb2
-batchMode
-noUpm
-name
AssetImportWorker0
-projectPath
D:/GBC/Game Engine IV/GAME3033_Assignment
-logFile
Logs/AssetImportWorker0.log
-srvPort
50745
Successfully changed project path to: D:/GBC/Game Engine IV/GAME3033_Assignment
D:/GBC/Game Engine IV/GAME3033_Assignment
Using Asset Import Pipeline V2.
Refreshing native plugins compatible for Editor in 65.36 ms, found 0 plugins.
Preloading 0 native plugins for Editor in 0.00 ms.
Initialize engine version: 2020.2.3f1 (8ff31bc5bf5b)
[Subsystems] Discovering subsystems at path D:/Program Files/2020.2.3f1/Editor/Data/Resources/UnitySubsystems
[Subsystems] Discovering subsystems at path D:/GBC/Game Engine IV/GAME3033_Assignment/Assets
GfxDevice: creating device client; threaded=0
Direct3D:
    Version:  Direct3D 11.0 [level 11.1]
    Renderer: NVIDIA GeForce GTX 1050 (ID=0x1c8d)
    Vendor:   
    VRAM:     1979 MB
    Driver:   26.21.14.4587
Initialize mono
Mono path[0] = 'D:/Program Files/2020.2.3f1/Editor/Data/Managed'
Mono path[1] = 'D:/Program Files/2020.2.3f1/Editor/Data/MonoBleedingEdge/lib/mono/unityjit'
Mono config path = 'D:/Program Files/2020.2.3f1/Editor/Data/MonoBleedingEdge/etc'
Using monoOptions --debugger-agent=transport=dt_socket,embedding=1,server=y,suspend=n,address=127.0.0.1:56072
Begin MonoManager ReloadAssembly
Registering precompiled unity dll's ...
Register platform support module: D:/Program Files/2020.2.3f1/Editor/Data/PlaybackEngines/WebGLSupport/UnityEditor.WebGL.Extensions.dll
Register platform support module: D:/Program Files/2020.2.3f1/Editor/Data/PlaybackEngines/WindowsStandaloneSupport/UnityEditor.WindowsStandalone.Extensions.dll
Registered in 0.001455 seconds.
Native extension for WindowsStandalone target not found
Native extension for WebGL target not found
Refreshing native plugins compatible for Editor in 96.09 ms, found 0 plugins.
Preloading 0 native plugins for Editor in 0.00 ms.
Invoked RoslynAnalysisRunner static constructor.
RoslynAnalysisRunner will not be running.
RoslynAnalysisRunner has terminated.
Mono: successfully reloaded assembly
- Completed reload, in  2.162 seconds
Platform modules already initialized, skipping
Registering precompiled user dll's ...
Registered in 0.000982 seconds.
Begin MonoManager ReloadAssembly
Native extension for WindowsStandalone target not found
Native extension for WebGL target not found
Refreshing native plugins compatible for Editor in 0.51 ms, found 0 plugins.
Preloading 0 native plugins for Editor in 0.00 ms.
Invoked RoslynAnalysisRunner static constructor.
RoslynAnalysisRunner will not be running.
RoslynAnalysisRunner has terminated.
Mono: successfully reloaded assembly
- Completed reload, in  1.380 seconds
Platform modules already initialized, skipping
========================================================================
Worker process is ready to serve import requests
Launched and connected shader compiler UnityShaderCompiler.exe after 0.16 seconds
Refreshing native plugins compatible for Editor in 1.22 ms, found 0 plugins.
Preloading 0 native plugins for Editor in 0.00 ms.
Unloading 1110 Unused Serialized files (Serialized files now loaded: 0)
System memory in use before: 66.6 MB.
System memory in use after: 66.6 MB.

Unloading 10 unused Assets to reduce memory usage. Loaded Objects now: 1563.
Total: 5.607600 ms (FindLiveObjects: 0.399600 ms CreateObjectMapping: 0.215800 ms MarkObjects: 4.635000 ms  DeleteObjects: 0.354700 ms)

========================================================================
Received Import Request.
  path: Assets/Script/EnemySpawn.cs
  artifactKey: Guid(c9d2ad4f928586e478bf549038251095) Importer(815301076,1909f56bfc062723c751e8b465ee728b)
Start importing Assets/Script/EnemySpawn.cs using Guid(c9d2ad4f928586e478bf549038251095) Importer(815301076,1909f56bfc062723c751e8b465ee728b)  -> (artifact id: '74e1c1e8ec1b1a9e1d8db8df22983f8a') in 0.073958 seconds
  Import took 0.125849 seconds .

========================================================================
Received Prepare
Refreshing native plugins compatible for Editor in 0.93 ms, found 0 plugins.
Preloading 0 native plugins for Editor in 0.00 ms.
Unloading 3 Unused Serialized files (Serialized files now loaded: 0)
System memory in use before: 44.3 MB.
System memory in use after: 44.4 MB.

Unloading 3 unused Assets to reduce memory usage. Loaded Objects now: 1563.
Total: 1.946100 ms (FindLiveObjects: 0.138900 ms CreateObjectMapping: 0.039900 ms MarkObjects: 1.709300 ms  DeleteObjects: 0.056800 ms)

========================================================================
Received Import Request.
  Time since last request: 1247.152030 seconds.
  path: Assets/Map
  artifactKey: Guid(2c6db5061781e7541b6e05a500b8276d) Importer(815301076,1909f56bfc062723c751e8b465ee728b)
Start importing Assets/Map using Guid(2c6db5061781e7541b6e05a500b8276d) Importer(815301076,1909f56bfc062723c751e8b465ee728b)  -> (artifact id: 'c22fdca686cc1ec7915be484e695f21a') in 0.003648 seconds
  Import took 0.052956 seconds .

========================================================================
Received Prepare
Registering precompiled user dll's ...
Registered in 0.000759 seconds.
Begin MonoManager ReloadAssembly
Native extension for WindowsStandalone target not found
Native extension for WebGL target not found
Refreshing native plugins compatible for Editor in 0.49 ms, found 0 plugins.
Preloading 0 native plugins for Editor in 0.00 ms.
Invoked RoslynAnalysisRunner static constructor.
RoslynAnalysisRunner will not be running.
RoslynAnalysisRunner has terminated.
Mono: successfully reloaded assembly
- Completed reload, in  0.983 seconds
Platform modules already initialized, skipping
Refreshing native plugins compatible for Editor in 0.50 ms, found 0 plugins.
Preloading 0 native plugins for Editor in 0.00 ms.
Unloading 1102 Unused Serialized files (Serialized files now loaded: 0)
System memory in use before: 66.3 MB.
System memory in use after: 66.4 MB.

Unloading 5 unused Assets to reduce memory usage. Loaded Objects now: 1565.
Total: 2.331400 ms (FindLiveObjects: 0.173400 ms CreateObjectMapping: 0.042600 ms MarkObjects: 1.936000 ms  DeleteObjects: 0.177600 ms)

========================================================================
Received Import Request.
  Time since last request: 94.143374 seconds.
  path: Assets/UI/iron.png
  artifactKey: Guid(979824b4d565e4d4f9192662853c0377) Importer(815301076,1909f56bfc062723c751e8b465ee728b)
Start importing Assets/UI/iron.png using Guid(979824b4d565e4d4f9192662853c0377) Importer(815301076,1909f56bfc062723c751e8b465ee728b)  -> (artifact id: '82f6b10f5d7e7e69ab3c5738ff550b19') in 0.129739 seconds
  Import took 0.191753 seconds .

========================================================================
Received Import Request.
  Time since last request: 0.000303 seconds.
  path: Assets/UI
  artifactKey: Guid(e8a3ad6625cf7364a8933f8b4f4ab865) Importer(815301076,1909f56bfc062723c751e8b465ee728b)
Start importing Assets/UI using Guid(e8a3ad6625cf7364a8933f8b4f4ab865) Importer(815301076,1909f56bfc062723c751e8b465ee728b)  -> (artifact id: 'e401d09890b2f456a80a8aca8dbdc27c') in 0.024006 seconds
  Import took 0.058840 seconds .

========================================================================
Received Import Request.
  Time since last request: 0.314175 seconds.
  path: Assets/UI/iron.png
  artifactKey: Guid(979824b4d565e4d4f9192662853c0377) Importer(815301076,1909f56bfc062723c751e8b465ee728b)
Start importing Assets/UI/iron.png using Guid(979824b4d565e4d4f9192662853c0377) Importer(815301076,1909f56bfc062723c751e8b465ee728b)  -> (artifact id: '45fe1fbcdca7a16cec7962f57e17492b') in 0.114428 seconds
  Import took 0.131343 seconds .

========================================================================
Received Import Request.
  Time since last request: 159.938634 seconds.
  path: Assets/UI/copper.png
  artifactKey: Guid(1fd8627e61a1efb4984ebc3daaafa2fd) Importer(815301076,1909f56bfc062723c751e8b465ee728b)
Start importing Assets/UI/copper.png using Guid(1fd8627e61a1efb4984ebc3daaafa2fd) Importer(815301076,1909f56bfc062723c751e8b465ee728b)  -> (artifact id: '4434347e8001c4c66dcfc9860d6e1e56') in 0.029369 seconds
  Import took 0.046518 seconds .

========================================================================
Received Import Request.
  Time since last request: 8.968727 seconds.
  path: Assets/UI/copper.png
  artifactKey: Guid(1fd8627e61a1efb4984ebc3daaafa2fd) Importer(815301076,1909f56bfc062723c751e8b465ee728b)
Start importing Assets/UI/copper.png using Guid(1fd8627e61a1efb4984ebc3daaafa2fd) Importer(815301076,1909f56bfc062723c751e8b465ee728b)  -> (artifact id: '1d3ef4e49cbdc8508d9b37356a94ecb3') in 0.012537 seconds
  Import took 0.057064 seconds .

========================================================================
Received Import Request.
  Time since last request: 117.240420 seconds.
  path: Assets/UI/metal.png
  artifactKey: Guid(aae731212b34dd245b3f5bc41a128d4b) Importer(815301076,1909f56bfc062723c751e8b465ee728b)
Start importing Assets/UI/metal.png using Guid(aae731212b34dd245b3f5bc41a128d4b) Importer(815301076,1909f56bfc062723c751e8b465ee728b)  -> (artifact id: 'b4f0a17f130fa7b922dbef8c2aff0edc') in 0.030583 seconds
  Import took 0.059111 seconds .

========================================================================
Received Import Request.
  Time since last request: 5.672047 seconds.
  path: Assets/UI/metal.png
  artifactKey: Guid(aae731212b34dd245b3f5bc41a128d4b) Importer(815301076,1909f56bfc062723c751e8b465ee728b)
Start importing Assets/UI/metal.png using Guid(aae731212b34dd245b3f5bc41a128d4b) Importer(815301076,1909f56bfc062723c751e8b465ee728b)  -> (artifact id: '0d3936e67eaf215e1fb6e2a59309255e') in 0.028241 seconds
  Import took 0.051802 seconds .

========================================================================
Received Import Request.
  Time since last request: 6404.709836 seconds.
  path: Assets/UI/无标题.png
  artifactKey: Guid(b724e2c2262ade8468a409240b123d93) Importer(815301076,1909f56bfc062723c751e8b465ee728b)
Start importing Assets/UI/无标题.png using Guid(b724e2c2262ade8468a409240b123d93) Importer(815301076,1909f56bfc062723c751e8b465ee728b)  -> (artifact id: 'ff26928696ad33c009f7c7cf66b3bd4e') in 0.037448 seconds
  Import took 0.089135 seconds .

========================================================================
Received Import Request.
  Time since last request: 10.714944 seconds.
  path: Assets/UI/无标题.png
  artifactKey: Guid(b724e2c2262ade8468a409240b123d93) Importer(815301076,1909f56bfc062723c751e8b465ee728b)
Start importing Assets/UI/无标题.png using Guid(b724e2c2262ade8468a409240b123d93) Importer(815301076,1909f56bfc062723c751e8b465ee728b)  -> (artifact id: '2c15c7480fdae7fa980b7dfa1661d0a4') in 0.021038 seconds
  Import took 0.037433 seconds .

========================================================================
Received Import Request.
  Time since last request: 4.590737 seconds.
  path: Assets/UI/Turret.png
  artifactKey: Guid(b724e2c2262ade8468a409240b123d93) Importer(815301076,1909f56bfc062723c751e8b465ee728b)
Start importing Assets/UI/Turret.png using Guid(b724e2c2262ade8468a409240b123d93) Importer(815301076,1909f56bfc062723c751e8b465ee728b)  -> (artifact id: '25cab66c4ef4d89f437d4b7979e33901') in 0.028682 seconds
  Import took 0.055481 seconds .

========================================================================
Received Prepare
Registering precompiled user dll's ...
Registered in 0.000728 seconds.
Begin MonoManager ReloadAssembly
Native extension for WindowsStandalone target not found
Native extension for WebGL target not found
Refreshing native plugins compatible for Editor in 0.46 ms, found 0 plugins.
Preloading 0 native plugins for Editor in 0.00 ms.
Invoked RoslynAnalysisRunner static constructor.
RoslynAnalysisRunner will not be running.
RoslynAnalysisRunner has terminated.
Mono: successfully reloaded assembly
- Completed reload, in  0.942 seconds
Platform modules already initialized, skipping
Refreshing native plugins compatible for Editor in 0.42 ms, found 0 plugins.
Preloading 0 native plugins for Editor in 0.00 ms.
Unloading 1102 Unused Serialized files (Serialized files now loaded: 0)
System memory in use before: 69.4 MB.
System memory in use after: 69.5 MB.

Unloading 5 unused Assets to reduce memory usage. Loaded Objects now: 1574.
Total: 1.646400 ms (FindLiveObjects: 0.105700 ms CreateObjectMapping: 0.028200 ms MarkObjects: 1.436700 ms  DeleteObjects: 0.074900 ms)

========================================================================
Received Prepare
Registering precompiled user dll's ...
Registered in 0.000779 seconds.
Begin MonoManager ReloadAssembly
Native extension for WindowsStandalone target not found
Native extension for WebGL target not found
Refreshing native plugins compatible for Editor in 0.49 ms, found 0 plugins.
Preloading 0 native plugins for Editor in 0.00 ms.
Invoked RoslynAnalysisRunner static constructor.
RoslynAnalysisRunner will not be running.
RoslynAnalysisRunner has terminated.
Mono: successfully reloaded assembly
- Completed reload, in  0.930 seconds
Platform modules already initialized, skipping
Refreshing native plugins compatible for Editor in 0.42 ms, found 0 plugins.
Preloading 0 native plugins for Editor in 0.00 ms.
Unloading 1102 Unused Serialized files (Serialized files now loaded: 0)
System memory in use before: 69.4 MB.
System memory in use after: 69.5 MB.

Unloading 5 unused Assets to reduce memory usage. Loaded Objects now: 1576.
Total: 1.894200 ms (FindLiveObjects: 0.177000 ms CreateObjectMapping: 0.044400 ms MarkObjects: 1.609700 ms  DeleteObjects: 0.062000 ms)

========================================================================
Received Prepare
Registering precompiled user dll's ...
Registered in 0.000851 seconds.
Begin MonoManager ReloadAssembly
Native extension for WindowsStandalone target not found
Native extension for WebGL target not found
Refreshing native plugins compatible for Editor in 0.45 ms, found 0 plugins.
Preloading 0 native plugins for Editor in 0.00 ms.
Invoked RoslynAnalysisRunner static constructor.
RoslynAnalysisRunner will not be running.
RoslynAnalysisRunner has terminated.
Mono: successfully reloaded assembly
- Completed reload, in  0.976 seconds
Platform modules already initialized, skipping
Refreshing native plugins compatible for Editor in 0.59 ms, found 0 plugins.
Preloading 0 native plugins for Editor in 0.00 ms.
Unloading 1102 Unused Serialized files (Serialized files now loaded: 0)
System memory in use before: 69.5 MB.
System memory in use after: 69.5 MB.

Unloading 5 unused Assets to reduce memory usage. Loaded Objects now: 1578.
Total: 1.716800 ms (FindLiveObjects: 0.126400 ms CreateObjectMapping: 0.036300 ms MarkObjects: 1.492600 ms  DeleteObjects: 0.060700 ms)

========================================================================
Received Prepare
Registering precompiled user dll's ...
Registered in 0.000747 seconds.
Begin MonoManager ReloadAssembly
Native extension for WindowsStandalone target not found
Native extension for WebGL target not found
Refreshing native plugins compatible for Editor in 0.45 ms, found 0 plugins.
Preloading 0 native plugins for Editor in 0.00 ms.
Invoked RoslynAnalysisRunner static constructor.
RoslynAnalysisRunner will not be running.
RoslynAnalysisRunner has terminated.
Mono: successfully reloaded assembly
- Completed reload, in  0.861 seconds
Platform modules already initialized, skipping
Refreshing native plugins compatible for Editor in 0.48 ms, found 0 plugins.
Preloading 0 native plugins for Editor in 0.00 ms.
Unloading 1102 Unused Serialized files (Serialized files now loaded: 0)
System memory in use before: 69.5 MB.
System memory in use after: 69.5 MB.

Unloading 5 unused Assets to reduce memory usage. Loaded Objects now: 1580.
Total: 2.255300 ms (FindLiveObjects: 0.207300 ms CreateObjectMapping: 0.065800 ms MarkObjects: 1.876600 ms  DeleteObjects: 0.103200 ms)

AssetImportWorkerClient::OnTransportError - code=2 error=End of file
