Using pre-set license
Built from '2020.2/staging' branch; Version is '2020.2.3f1 (8ff31bc5bf5b) revision 9433883'; Using compiler version '192528614'; Build Type 'Release'
OS: 'Windows 10 Home; OS build 18363.1440; Version 1909; 64bit' Language: 'zh' Physical Memory: 8047 MB
BatchMode: 1, IsHumanControllingUs: 0, StartBugReporterOnCrash: 0, Is64bit: 1, IsPro: 0

 COMMAND LINE ARGUMENTS:
D:\Program Files\2020.2.3f1\Editor\Unity.exe
-adb2
-batchMode
-noUpm
-name
AssetImportWorker1
-projectPath
D:/GBC/Game Engine IV/GAME3033_Assignment
-logFile
Logs/AssetImportWorker1.log
-srvPort
59404
Successfully changed project path to: D:/GBC/Game Engine IV/GAME3033_Assignment
D:/GBC/Game Engine IV/GAME3033_Assignment
Using Asset Import Pipeline V2.
Refreshing native plugins compatible for Editor in 126.06 ms, found 0 plugins.
Preloading 0 native plugins for Editor in 0.00 ms.
Initialize engine version: 2020.2.3f1 (8ff31bc5bf5b)
[Subsystems] Discovering subsystems at path D:/Program Files/2020.2.3f1/Editor/Data/Resources/UnitySubsystems
[Subsystems] Discovering subsystems at path D:/GBC/Game Engine IV/GAME3033_Assignment/Assets
GfxDevice: creating device client; threaded=0
Direct3D:
    Version:  Direct3D 11.0 [level 11.1]
    Renderer: NVIDIA GeForce GTX 1050 (ID=0x1c8d)
    Vendor:   
    VRAM:     1979 MB
    Driver:   26.21.14.4587
Initialize mono
Mono path[0] = 'D:/Program Files/2020.2.3f1/Editor/Data/Managed'
Mono path[1] = 'D:/Program Files/2020.2.3f1/Editor/Data/MonoBleedingEdge/lib/mono/unityjit'
Mono config path = 'D:/Program Files/2020.2.3f1/Editor/Data/MonoBleedingEdge/etc'
Using monoOptions --debugger-agent=transport=dt_socket,embedding=1,server=y,suspend=n,address=127.0.0.1:56920
Begin MonoManager ReloadAssembly
Registering precompiled unity dll's ...
Register platform support module: D:/Program Files/2020.2.3f1/Editor/Data/PlaybackEngines/WebGLSupport/UnityEditor.WebGL.Extensions.dll
Register platform support module: D:/Program Files/2020.2.3f1/Editor/Data/PlaybackEngines/WindowsStandaloneSupport/UnityEditor.WindowsStandalone.Extensions.dll
Registered in 0.003501 seconds.
Native extension for WindowsStandalone target not found
Native extension for WebGL target not found
Refreshing native plugins compatible for Editor in 150.26 ms, found 0 plugins.
Preloading 0 native plugins for Editor in 0.00 ms.
Invoked RoslynAnalysisRunner static constructor.
RoslynAnalysisRunner will not be running.
RoslynAnalysisRunner has terminated.
Mono: successfully reloaded assembly
- Completed reload, in  4.455 seconds
Platform modules already initialized, skipping
Registering precompiled user dll's ...
Registered in 0.001554 seconds.
Begin MonoManager ReloadAssembly
Native extension for WindowsStandalone target not found
Native extension for WebGL target not found
Refreshing native plugins compatible for Editor in 1.09 ms, found 0 plugins.
Preloading 0 native plugins for Editor in 0.00 ms.
Invoked RoslynAnalysisRunner static constructor.
RoslynAnalysisRunner will not be running.
RoslynAnalysisRunner has terminated.
Mono: successfully reloaded assembly
- Completed reload, in  2.952 seconds
Platform modules already initialized, skipping
========================================================================
Worker process is ready to serve import requests
Launched and connected shader compiler UnityShaderCompiler.exe after 0.18 seconds
Refreshing native plugins compatible for Editor in 0.47 ms, found 0 plugins.
Preloading 0 native plugins for Editor in 0.00 ms.
Unloading 1110 Unused Serialized files (Serialized files now loaded: 0)
System memory in use before: 66.5 MB.
System memory in use after: 66.5 MB.

Unloading 10 unused Assets to reduce memory usage. Loaded Objects now: 1563.
Total: 2.662400 ms (FindLiveObjects: 0.220500 ms CreateObjectMapping: 0.228900 ms MarkObjects: 2.051900 ms  DeleteObjects: 0.157400 ms)

========================================================================
Received Import Request.
  path: Assets/Script/EnemySpawn.cs
  artifactKey: Guid(c9d2ad4f928586e478bf549038251095) Importer(815301076,1909f56bfc062723c751e8b465ee728b)
Start importing Assets/Script/EnemySpawn.cs using Guid(c9d2ad4f928586e478bf549038251095) Importer(815301076,1909f56bfc062723c751e8b465ee728b)  -> (artifact id: 'dc4053e256b24ec89731a780bdac2d3b') in 0.101619 seconds
  Import took 0.143616 seconds .

========================================================================
Received Prepare
Refreshing native plugins compatible for Editor in 1.26 ms, found 0 plugins.
Preloading 0 native plugins for Editor in 0.00 ms.
Unloading 3 Unused Serialized files (Serialized files now loaded: 0)
System memory in use before: 44.2 MB.
System memory in use after: 44.3 MB.

Unloading 3 unused Assets to reduce memory usage. Loaded Objects now: 1563.
Total: 2.438400 ms (FindLiveObjects: 0.330600 ms CreateObjectMapping: 0.109500 ms MarkObjects: 1.922300 ms  DeleteObjects: 0.074300 ms)

========================================================================
Received Import Request.
  Time since last request: 269.655999 seconds.
  path: Assets/Script/PlayerBehaviour.cs
  artifactKey: Guid(52c7fa9183d11f342b22effd4e586c3b) Importer(815301076,1909f56bfc062723c751e8b465ee728b)
Start importing Assets/Script/PlayerBehaviour.cs using Guid(52c7fa9183d11f342b22effd4e586c3b) Importer(815301076,1909f56bfc062723c751e8b465ee728b)  -> (artifact id: 'f847a1e338b047754003ef45cbc7fa3d') in 0.004058 seconds
  Import took 0.371535 seconds .

========================================================================
Received Prepare
Registering precompiled user dll's ...
Registered in 0.000981 seconds.
Begin MonoManager ReloadAssembly
Native extension for WindowsStandalone target not found
Native extension for WebGL target not found
Refreshing native plugins compatible for Editor in 0.58 ms, found 0 plugins.
Preloading 0 native plugins for Editor in 0.00 ms.
Invoked RoslynAnalysisRunner static constructor.
RoslynAnalysisRunner will not be running.
RoslynAnalysisRunner has terminated.
Mono: successfully reloaded assembly
- Completed reload, in  1.018 seconds
Platform modules already initialized, skipping
Refreshing native plugins compatible for Editor in 0.54 ms, found 0 plugins.
Preloading 0 native plugins for Editor in 0.00 ms.
Unloading 1102 Unused Serialized files (Serialized files now loaded: 0)
System memory in use before: 66.2 MB.
System memory in use after: 66.3 MB.

Unloading 5 unused Assets to reduce memory usage. Loaded Objects now: 1565.
Total: 2.821700 ms (FindLiveObjects: 0.182700 ms CreateObjectMapping: 0.046500 ms MarkObjects: 2.485700 ms  DeleteObjects: 0.105600 ms)

========================================================================
Received Prepare
Registering precompiled user dll's ...
Registered in 0.001005 seconds.
Begin MonoManager ReloadAssembly
Native extension for WindowsStandalone target not found
Native extension for WebGL target not found
Refreshing native plugins compatible for Editor in 0.56 ms, found 0 plugins.
Preloading 0 native plugins for Editor in 0.00 ms.
Invoked RoslynAnalysisRunner static constructor.
RoslynAnalysisRunner will not be running.
RoslynAnalysisRunner has terminated.
Mono: successfully reloaded assembly
- Completed reload, in  1.147 seconds
Platform modules already initialized, skipping
Refreshing native plugins compatible for Editor in 0.78 ms, found 0 plugins.
Preloading 0 native plugins for Editor in 0.00 ms.
Unloading 1102 Unused Serialized files (Serialized files now loaded: 0)
System memory in use before: 66.2 MB.
System memory in use after: 66.3 MB.

Unloading 5 unused Assets to reduce memory usage. Loaded Objects now: 1567.
Total: 2.134300 ms (FindLiveObjects: 0.154900 ms CreateObjectMapping: 0.122600 ms MarkObjects: 1.783300 ms  DeleteObjects: 0.072200 ms)

========================================================================
Received Prepare
Registering precompiled user dll's ...
Registered in 0.000876 seconds.
Begin MonoManager ReloadAssembly
Native extension for WindowsStandalone target not found
Native extension for WebGL target not found
Refreshing native plugins compatible for Editor in 1.04 ms, found 0 plugins.
Preloading 0 native plugins for Editor in 0.00 ms.
Invoked RoslynAnalysisRunner static constructor.
RoslynAnalysisRunner will not be running.
RoslynAnalysisRunner has terminated.
Mono: successfully reloaded assembly
- Completed reload, in  1.027 seconds
Platform modules already initialized, skipping
Refreshing native plugins compatible for Editor in 0.60 ms, found 0 plugins.
Preloading 0 native plugins for Editor in 0.00 ms.
Unloading 1102 Unused Serialized files (Serialized files now loaded: 0)
System memory in use before: 66.2 MB.
System memory in use after: 66.3 MB.

Unloading 5 unused Assets to reduce memory usage. Loaded Objects now: 1569.
Total: 2.095900 ms (FindLiveObjects: 0.159600 ms CreateObjectMapping: 0.042300 ms MarkObjects: 1.819000 ms  DeleteObjects: 0.073900 ms)

========================================================================
Received Prepare
Registering precompiled user dll's ...
Registered in 0.001037 seconds.
Begin MonoManager ReloadAssembly
Native extension for WindowsStandalone target not found
Native extension for WebGL target not found
Refreshing native plugins compatible for Editor in 0.71 ms, found 0 plugins.
Preloading 0 native plugins for Editor in 0.00 ms.
Invoked RoslynAnalysisRunner static constructor.
RoslynAnalysisRunner will not be running.
RoslynAnalysisRunner has terminated.
Mono: successfully reloaded assembly
- Completed reload, in  1.408 seconds
Platform modules already initialized, skipping
Refreshing native plugins compatible for Editor in 1.05 ms, found 0 plugins.
Preloading 0 native plugins for Editor in 0.00 ms.
Unloading 1102 Unused Serialized files (Serialized files now loaded: 0)
System memory in use before: 66.2 MB.
System memory in use after: 66.3 MB.

Unloading 5 unused Assets to reduce memory usage. Loaded Objects now: 1571.
Total: 3.894700 ms (FindLiveObjects: 0.276000 ms CreateObjectMapping: 0.096900 ms MarkObjects: 3.345100 ms  DeleteObjects: 0.173400 ms)

========================================================================
Received Prepare
Registering precompiled user dll's ...
Registered in 0.001450 seconds.
Begin MonoManager ReloadAssembly
Native extension for WindowsStandalone target not found
Native extension for WebGL target not found
Refreshing native plugins compatible for Editor in 0.75 ms, found 0 plugins.
Preloading 0 native plugins for Editor in 0.00 ms.
Invoked RoslynAnalysisRunner static constructor.
RoslynAnalysisRunner will not be running.
RoslynAnalysisRunner has terminated.
Mono: successfully reloaded assembly
- Completed reload, in  1.161 seconds
Platform modules already initialized, skipping
Refreshing native plugins compatible for Editor in 0.56 ms, found 0 plugins.
Preloading 0 native plugins for Editor in 0.00 ms.
Unloading 1102 Unused Serialized files (Serialized files now loaded: 0)
System memory in use before: 66.2 MB.
System memory in use after: 66.3 MB.

Unloading 5 unused Assets to reduce memory usage. Loaded Objects now: 1573.
Total: 2.345600 ms (FindLiveObjects: 0.291600 ms CreateObjectMapping: 0.091500 ms MarkObjects: 1.878800 ms  DeleteObjects: 0.078400 ms)

========================================================================
Received Prepare
Registering precompiled user dll's ...
Registered in 0.001065 seconds.
Begin MonoManager ReloadAssembly
Native extension for WindowsStandalone target not found
Native extension for WebGL target not found
Refreshing native plugins compatible for Editor in 0.63 ms, found 0 plugins.
Preloading 0 native plugins for Editor in 0.00 ms.
Invoked RoslynAnalysisRunner static constructor.
RoslynAnalysisRunner will not be running.
RoslynAnalysisRunner has terminated.
Mono: successfully reloaded assembly
- Completed reload, in  1.165 seconds
Platform modules already initialized, skipping
Refreshing native plugins compatible for Editor in 0.53 ms, found 0 plugins.
Preloading 0 native plugins for Editor in 0.00 ms.
Unloading 1102 Unused Serialized files (Serialized files now loaded: 0)
System memory in use before: 66.2 MB.
System memory in use after: 66.3 MB.

Unloading 5 unused Assets to reduce memory usage. Loaded Objects now: 1575.
Total: 2.425400 ms (FindLiveObjects: 0.260200 ms CreateObjectMapping: 0.070100 ms MarkObjects: 2.021000 ms  DeleteObjects: 0.073000 ms)

========================================================================
Received Import Request.
  Time since last request: 1850.208098 seconds.
  path: Assets/Script/PlayerBehaviour.cs
  artifactKey: Guid(52c7fa9183d11f342b22effd4e586c3b) Importer(815301076,1909f56bfc062723c751e8b465ee728b)
Start importing Assets/Script/PlayerBehaviour.cs using Guid(52c7fa9183d11f342b22effd4e586c3b) Importer(815301076,1909f56bfc062723c751e8b465ee728b)  -> (artifact id: '4a4a7eb8d122c208b3069746644711ed') in 0.004409 seconds
  Import took 0.034801 seconds .

========================================================================
Received Prepare
Registering precompiled user dll's ...
Registered in 0.001258 seconds.
Begin MonoManager ReloadAssembly
Native extension for WindowsStandalone target not found
Native extension for WebGL target not found
Refreshing native plugins compatible for Editor in 0.69 ms, found 0 plugins.
Preloading 0 native plugins for Editor in 0.00 ms.
Invoked RoslynAnalysisRunner static constructor.
RoslynAnalysisRunner will not be running.
RoslynAnalysisRunner has terminated.
Mono: successfully reloaded assembly
- Completed reload, in  1.375 seconds
Platform modules already initialized, skipping
Refreshing native plugins compatible for Editor in 1.13 ms, found 0 plugins.
Preloading 0 native plugins for Editor in 0.00 ms.
Unloading 1102 Unused Serialized files (Serialized files now loaded: 0)
System memory in use before: 66.3 MB.
System memory in use after: 66.3 MB.

Unloading 5 unused Assets to reduce memory usage. Loaded Objects now: 1577.
Total: 3.076500 ms (FindLiveObjects: 0.348400 ms CreateObjectMapping: 0.106500 ms MarkObjects: 2.513800 ms  DeleteObjects: 0.105900 ms)

========================================================================
Received Prepare
Registering precompiled user dll's ...
Registered in 0.001649 seconds.
Begin MonoManager ReloadAssembly
Native extension for WindowsStandalone target not found
Native extension for WebGL target not found
Refreshing native plugins compatible for Editor in 0.66 ms, found 0 plugins.
Preloading 0 native plugins for Editor in 0.00 ms.
Invoked RoslynAnalysisRunner static constructor.
RoslynAnalysisRunner will not be running.
RoslynAnalysisRunner has terminated.
Mono: successfully reloaded assembly
- Completed reload, in  1.490 seconds
Platform modules already initialized, skipping
Refreshing native plugins compatible for Editor in 1.36 ms, found 0 plugins.
Preloading 0 native plugins for Editor in 0.00 ms.
Unloading 1102 Unused Serialized files (Serialized files now loaded: 0)
System memory in use before: 66.3 MB.
System memory in use after: 66.3 MB.

Unloading 5 unused Assets to reduce memory usage. Loaded Objects now: 1579.
Total: 3.657500 ms (FindLiveObjects: 0.190500 ms CreateObjectMapping: 0.056900 ms MarkObjects: 3.287100 ms  DeleteObjects: 0.121100 ms)

========================================================================
Received Import Request.
  Time since last request: 476.968777 seconds.
  path: Assets/Script/PlayerBehaviour.cs
  artifactKey: Guid(52c7fa9183d11f342b22effd4e586c3b) Importer(815301076,1909f56bfc062723c751e8b465ee728b)
Start importing Assets/Script/PlayerBehaviour.cs using Guid(52c7fa9183d11f342b22effd4e586c3b) Importer(815301076,1909f56bfc062723c751e8b465ee728b)  -> (artifact id: '267d5b72cf889a998198e1d2ec6c64ac') in 0.006472 seconds
  Import took 0.060921 seconds .

========================================================================
Received Prepare
Registering precompiled user dll's ...
Registered in 0.001087 seconds.
Begin MonoManager ReloadAssembly
Native extension for WindowsStandalone target not found
Native extension for WebGL target not found
Refreshing native plugins compatible for Editor in 0.54 ms, found 0 plugins.
Preloading 0 native plugins for Editor in 0.00 ms.
Invoked RoslynAnalysisRunner static constructor.
RoslynAnalysisRunner will not be running.
RoslynAnalysisRunner has terminated.
Mono: successfully reloaded assembly
- Completed reload, in  1.178 seconds
Platform modules already initialized, skipping
Refreshing native plugins compatible for Editor in 0.92 ms, found 0 plugins.
Preloading 0 native plugins for Editor in 0.00 ms.
Unloading 1102 Unused Serialized files (Serialized files now loaded: 0)
System memory in use before: 66.3 MB.
System memory in use after: 66.3 MB.

Unloading 5 unused Assets to reduce memory usage. Loaded Objects now: 1581.
Total: 3.325100 ms (FindLiveObjects: 0.307500 ms CreateObjectMapping: 0.102600 ms MarkObjects: 2.662800 ms  DeleteObjects: 0.248700 ms)

========================================================================
Received Prepare
Registering precompiled user dll's ...
Registered in 0.001048 seconds.
Begin MonoManager ReloadAssembly
Native extension for WindowsStandalone target not found
Native extension for WebGL target not found
Refreshing native plugins compatible for Editor in 0.66 ms, found 0 plugins.
Preloading 0 native plugins for Editor in 0.00 ms.
Invoked RoslynAnalysisRunner static constructor.
RoslynAnalysisRunner will not be running.
RoslynAnalysisRunner has terminated.
Mono: successfully reloaded assembly
- Completed reload, in  1.179 seconds
Platform modules already initialized, skipping
Refreshing native plugins compatible for Editor in 0.58 ms, found 0 plugins.
Preloading 0 native plugins for Editor in 0.00 ms.
Unloading 1102 Unused Serialized files (Serialized files now loaded: 0)
System memory in use before: 66.3 MB.
System memory in use after: 66.3 MB.

Unloading 5 unused Assets to reduce memory usage. Loaded Objects now: 1583.
Total: 2.347500 ms (FindLiveObjects: 0.176200 ms CreateObjectMapping: 0.052900 ms MarkObjects: 2.038100 ms  DeleteObjects: 0.078600 ms)

========================================================================
Received Import Request.
  Time since last request: 612.187605 seconds.
  path: Assets/Model/Aligned Games/Polygonal Modern Weapons Asset Package/Scripts/Utility/DayChange.anim
  artifactKey: Guid(6f4fc6feadf0cf94f848158d535fb053) Importer(815301076,1909f56bfc062723c751e8b465ee728b)
Start importing Assets/Model/Aligned Games/Polygonal Modern Weapons Asset Package/Scripts/Utility/DayChange.anim using Guid(6f4fc6feadf0cf94f848158d535fb053) Importer(815301076,1909f56bfc062723c751e8b465ee728b)  -> (artifact id: '8d25deb5b6607f81a4164d975c934d48') in 0.072182 seconds
  Import took 0.142018 seconds .

========================================================================
Received Import Request.
  Time since last request: 0.025666 seconds.
  path: Assets/Model/Aligned Games/Polygonal Modern Weapons Asset Package/Scripts/Utility/DayChange.anim
  artifactKey: Guid(6f4fc6feadf0cf94f848158d535fb053) Importer(815301076,1909f56bfc062723c751e8b465ee728b)
Start importing Assets/Model/Aligned Games/Polygonal Modern Weapons Asset Package/Scripts/Utility/DayChange.anim using Guid(6f4fc6feadf0cf94f848158d535fb053) Importer(815301076,1909f56bfc062723c751e8b465ee728b)  -> (artifact id: '8d25deb5b6607f81a4164d975c934d48') in 0.003387 seconds
  Import took 0.035766 seconds .

========================================================================
Received Import Request.
  Time since last request: 23.062958 seconds.
  path: Assets/Prefab/jill.prefab
  artifactKey: Guid(d083561fe3044b740940e7be08a2d97d) Importer(815301076,1909f56bfc062723c751e8b465ee728b)
Start importing Assets/Prefab/jill.prefab using Guid(d083561fe3044b740940e7be08a2d97d) Importer(815301076,1909f56bfc062723c751e8b465ee728b)  -> (artifact id: '5441ff1657ebbc2213f4f1bacb43b86e') in 0.752724 seconds
  Import took 0.803396 seconds .

========================================================================
Received Import Request.
  Time since last request: 0.000352 seconds.
  path: Assets/Prefab/Player.prefab
  artifactKey: Guid(c46adcaa911b83b4bbf06a6bc94cfdec) Importer(815301076,1909f56bfc062723c751e8b465ee728b)
Start importing Assets/Prefab/Player.prefab using Guid(c46adcaa911b83b4bbf06a6bc94cfdec) Importer(815301076,1909f56bfc062723c751e8b465ee728b)  -> (artifact id: '5a2cd95c743c8cfa5b18ede376b15f8e') in 0.244074 seconds
  Import took 0.294652 seconds .

========================================================================
Received Import Request.
  Time since last request: 36.022378 seconds.
  path: Assets/DayNightAnim
  artifactKey: Guid(e0904c1f3b794a84aa17f1cbc922a97e) Importer(815301076,1909f56bfc062723c751e8b465ee728b)
Start importing Assets/DayNightAnim using Guid(e0904c1f3b794a84aa17f1cbc922a97e) Importer(815301076,1909f56bfc062723c751e8b465ee728b)  -> (artifact id: '05561fc8e809ee8efac1278ca6af7e29') in 0.003214 seconds
  Import took 0.053277 seconds .

========================================================================
Received Import Request.
  Time since last request: 13.640217 seconds.
  path: Assets/PolygonApocalypse/Scenes
  artifactKey: Guid(5699a2cc01cf0d747ab69f993f21a30b) Importer(815301076,1909f56bfc062723c751e8b465ee728b)
Start importing Assets/PolygonApocalypse/Scenes using Guid(5699a2cc01cf0d747ab69f993f21a30b) Importer(815301076,1909f56bfc062723c751e8b465ee728b)  -> (artifact id: 'acc1ee3a7930bb33fd721c1d05ebde70') in 0.087735 seconds
  Import took 0.142698 seconds .

========================================================================
Received Import Request.
  Time since last request: 0.328559 seconds.
  path: Assets/PolygonApocalypse/Prefabs
  artifactKey: Guid(39609621b24cb2b4380d1b99cc452b7a) Importer(815301076,1909f56bfc062723c751e8b465ee728b)
Start importing Assets/PolygonApocalypse/Prefabs using Guid(39609621b24cb2b4380d1b99cc452b7a) Importer(815301076,1909f56bfc062723c751e8b465ee728b)  -> (artifact id: '4ce7a377214edc22e3bf99d4f04f0dc2') in 0.028358 seconds
  Import took 0.069640 seconds .

========================================================================
Received Import Request.
  Time since last request: 1.389609 seconds.
  path: Assets/PolygonApocalypse/Textures
  artifactKey: Guid(f295e0a02fc8e5947adbff645e4d6e2a) Importer(815301076,1909f56bfc062723c751e8b465ee728b)
Start importing Assets/PolygonApocalypse/Textures using Guid(f295e0a02fc8e5947adbff645e4d6e2a) Importer(815301076,1909f56bfc062723c751e8b465ee728b)  -> (artifact id: '4e4843f24bbb536608f8bb9b82f2da8e') in 0.051993 seconds
  Import took 0.076499 seconds .

========================================================================
Received Import Request.
  Time since last request: 2.384070 seconds.
  path: Assets/PolygonApocalypse/Shader
  artifactKey: Guid(e9380904f6ef8444cb54ec37e7f1c1b3) Importer(815301076,1909f56bfc062723c751e8b465ee728b)
Start importing Assets/PolygonApocalypse/Shader using Guid(e9380904f6ef8444cb54ec37e7f1c1b3) Importer(815301076,1909f56bfc062723c751e8b465ee728b)  -> (artifact id: '29099e0ec41559a1523669c223bed588') in 0.002818 seconds
  Import took 0.020664 seconds .

========================================================================
Received Import Request.
  Time since last request: 19.931784 seconds.
  path: Assets/Model/Aligned Games/Polygonal Modern Weapons Asset Package/Scripts/Utility/Directional Light.controller
  artifactKey: Guid(9d464ddc5fc6d144faf6512d03feb119) Importer(815301076,1909f56bfc062723c751e8b465ee728b)
Start importing Assets/Model/Aligned Games/Polygonal Modern Weapons Asset Package/Scripts/Utility/Directional Light.controller using Guid(9d464ddc5fc6d144faf6512d03feb119) Importer(815301076,1909f56bfc062723c751e8b465ee728b)  -> (artifact id: 'e058be24fb71eb937c8bee477f9002ed') in 0.006907 seconds
  Import took 0.030527 seconds .

========================================================================
Received Prepare
Registering precompiled user dll's ...
Registered in 0.001829 seconds.
Begin MonoManager ReloadAssembly
Native extension for WindowsStandalone target not found
Native extension for WebGL target not found
Refreshing native plugins compatible for Editor in 0.66 ms, found 0 plugins.
Preloading 0 native plugins for Editor in 0.00 ms.
Invoked RoslynAnalysisRunner static constructor.
RoslynAnalysisRunner will not be running.
RoslynAnalysisRunner has terminated.
Mono: successfully reloaded assembly
- Completed reload, in  1.691 seconds
Platform modules already initialized, skipping
Refreshing native plugins compatible for Editor in 0.66 ms, found 0 plugins.
Preloading 0 native plugins for Editor in 0.00 ms.
Unloading 1102 Unused Serialized files (Serialized files now loaded: 0)
System memory in use before: 80.4 MB.
System memory in use after: 80.5 MB.

Unloading 5 unused Assets to reduce memory usage. Loaded Objects now: 1594.
Total: 3.273400 ms (FindLiveObjects: 0.295600 ms CreateObjectMapping: 0.109900 ms MarkObjects: 2.775200 ms  DeleteObjects: 0.090800 ms)

========================================================================
Received Prepare
Registering precompiled user dll's ...
Registered in 0.001047 seconds.
Begin MonoManager ReloadAssembly
Native extension for WindowsStandalone target not found
Native extension for WebGL target not found
Refreshing native plugins compatible for Editor in 0.60 ms, found 0 plugins.
Preloading 0 native plugins for Editor in 0.00 ms.
Invoked RoslynAnalysisRunner static constructor.
RoslynAnalysisRunner will not be running.
RoslynAnalysisRunner has terminated.
Mono: successfully reloaded assembly
- Completed reload, in  1.151 seconds
Platform modules already initialized, skipping
Refreshing native plugins compatible for Editor in 0.79 ms, found 0 plugins.
Preloading 0 native plugins for Editor in 0.00 ms.
Unloading 1102 Unused Serialized files (Serialized files now loaded: 0)
System memory in use before: 80.4 MB.
System memory in use after: 80.5 MB.

Unloading 5 unused Assets to reduce memory usage. Loaded Objects now: 1596.
Total: 2.607700 ms (FindLiveObjects: 0.197900 ms CreateObjectMapping: 0.060400 ms MarkObjects: 2.257700 ms  DeleteObjects: 0.090000 ms)

========================================================================
Received Import Request.
  Time since last request: 1229.514477 seconds.
  path: Assets/Anim
  artifactKey: Guid(90b0c276fb19df64cb188fcc82180fe0) Importer(815301076,1909f56bfc062723c751e8b465ee728b)
Start importing Assets/Anim using Guid(90b0c276fb19df64cb188fcc82180fe0) Importer(815301076,1909f56bfc062723c751e8b465ee728b)  -> (artifact id: 'd71aed67475c681b20b92db77c1f7a0e') in 0.005732 seconds
  Import took 0.044852 seconds .

========================================================================
Received Prepare
Registering precompiled user dll's ...
Registered in 0.001416 seconds.
Begin MonoManager ReloadAssembly
Native extension for WindowsStandalone target not found
Native extension for WebGL target not found
Refreshing native plugins compatible for Editor in 0.65 ms, found 0 plugins.
Preloading 0 native plugins for Editor in 0.00 ms.
Invoked RoslynAnalysisRunner static constructor.
RoslynAnalysisRunner will not be running.
RoslynAnalysisRunner has terminated.
Mono: successfully reloaded assembly
- Completed reload, in  1.080 seconds
Platform modules already initialized, skipping
Refreshing native plugins compatible for Editor in 0.57 ms, found 0 plugins.
Preloading 0 native plugins for Editor in 0.00 ms.
Unloading 1102 Unused Serialized files (Serialized files now loaded: 0)
System memory in use before: 80.4 MB.
System memory in use after: 80.5 MB.

Unloading 5 unused Assets to reduce memory usage. Loaded Objects now: 1598.
Total: 2.192400 ms (FindLiveObjects: 0.154800 ms CreateObjectMapping: 0.045600 ms MarkObjects: 1.916600 ms  DeleteObjects: 0.074200 ms)

========================================================================
Received Import Request.
  Time since last request: 220.519418 seconds.
  path: Assets/Prefab/S_Turret.prefab
  artifactKey: Guid(7a0f5df0ee67dcc46bc08215a00e5a80) Importer(815301076,1909f56bfc062723c751e8b465ee728b)
Start importing Assets/Prefab/S_Turret.prefab using Guid(7a0f5df0ee67dcc46bc08215a00e5a80) Importer(815301076,1909f56bfc062723c751e8b465ee728b)  -> (artifact id: 'daf7f675b74bf13ce4338feae6ca35bd') in 0.205272 seconds
  Import took 0.246637 seconds .

========================================================================
Received Import Request.
  Time since last request: 6.433060 seconds.
  path: Assets/Prefab/S_Turret.prefab
  artifactKey: Guid(7a0f5df0ee67dcc46bc08215a00e5a80) Importer(815301076,1909f56bfc062723c751e8b465ee728b)
Start importing Assets/Prefab/S_Turret.prefab using Guid(7a0f5df0ee67dcc46bc08215a00e5a80) Importer(815301076,1909f56bfc062723c751e8b465ee728b)  -> (artifact id: 'a3867f6d7106270f9c60f6b86a94b054') in 0.044081 seconds
  Import took 0.076950 seconds .

========================================================================
Received Import Request.
  Time since last request: 13.795255 seconds.
  path: Assets/Prefab/S_Turret.prefab
  artifactKey: Guid(7a0f5df0ee67dcc46bc08215a00e5a80) Importer(815301076,1909f56bfc062723c751e8b465ee728b)
Start importing Assets/Prefab/S_Turret.prefab using Guid(7a0f5df0ee67dcc46bc08215a00e5a80) Importer(815301076,1909f56bfc062723c751e8b465ee728b)  -> (artifact id: '0ef7bc2e6c42bfcfff67aabc76677351') in 0.016288 seconds
  Import took 0.060860 seconds .

========================================================================
Received Import Request.
  Time since last request: 1.558434 seconds.
  path: Assets/Prefab/S_Turret.prefab
  artifactKey: Guid(7a0f5df0ee67dcc46bc08215a00e5a80) Importer(815301076,1909f56bfc062723c751e8b465ee728b)
Start importing Assets/Prefab/S_Turret.prefab using Guid(7a0f5df0ee67dcc46bc08215a00e5a80) Importer(815301076,1909f56bfc062723c751e8b465ee728b)  -> (artifact id: '1644e4742d60812a1355b8c96a71745e') in 0.013140 seconds
  Import took 0.038764 seconds .

========================================================================
Received Import Request.
  Time since last request: 6.016523 seconds.
  path: Assets/Prefab/S_Turret.prefab
  artifactKey: Guid(7a0f5df0ee67dcc46bc08215a00e5a80) Importer(815301076,1909f56bfc062723c751e8b465ee728b)
Start importing Assets/Prefab/S_Turret.prefab using Guid(7a0f5df0ee67dcc46bc08215a00e5a80) Importer(815301076,1909f56bfc062723c751e8b465ee728b)  -> (artifact id: '26e4e5e06a3e63bb1fa750aad07c77f5') in 0.013438 seconds
  Import took 0.031122 seconds .

========================================================================
Received Import Request.
  Time since last request: 1.979317 seconds.
  path: Assets/Prefab/S_Turret.prefab
  artifactKey: Guid(7a0f5df0ee67dcc46bc08215a00e5a80) Importer(815301076,1909f56bfc062723c751e8b465ee728b)
Start importing Assets/Prefab/S_Turret.prefab using Guid(7a0f5df0ee67dcc46bc08215a00e5a80) Importer(815301076,1909f56bfc062723c751e8b465ee728b)  -> (artifact id: 'bcc4d1cbce3d65a92eff412dfa7c0a84') in 0.040751 seconds
  Import took 0.060995 seconds .

========================================================================
Received Import Request.
  Time since last request: 3.132571 seconds.
  path: Assets/Prefab/S_Turret.prefab
  artifactKey: Guid(7a0f5df0ee67dcc46bc08215a00e5a80) Importer(815301076,1909f56bfc062723c751e8b465ee728b)
Start importing Assets/Prefab/S_Turret.prefab using Guid(7a0f5df0ee67dcc46bc08215a00e5a80) Importer(815301076,1909f56bfc062723c751e8b465ee728b)  -> (artifact id: 'be25a5b0f93d002bea5ef1662afb839e') in 0.012650 seconds
  Import took 0.055277 seconds .

========================================================================
Received Import Request.
  Time since last request: 3.159888 seconds.
  path: Assets/Prefab/S_Turret.prefab
  artifactKey: Guid(7a0f5df0ee67dcc46bc08215a00e5a80) Importer(815301076,1909f56bfc062723c751e8b465ee728b)
Start importing Assets/Prefab/S_Turret.prefab using Guid(7a0f5df0ee67dcc46bc08215a00e5a80) Importer(815301076,1909f56bfc062723c751e8b465ee728b)  -> (artifact id: 'ff0b39faab1c8623cd52f7cb46c12b86') in 0.015589 seconds
  Import took 0.033902 seconds .

========================================================================
Received Import Request.
  Time since last request: 4.488741 seconds.
  path: Assets/Prefab/S_Turret.prefab
  artifactKey: Guid(7a0f5df0ee67dcc46bc08215a00e5a80) Importer(815301076,1909f56bfc062723c751e8b465ee728b)
Start importing Assets/Prefab/S_Turret.prefab using Guid(7a0f5df0ee67dcc46bc08215a00e5a80) Importer(815301076,1909f56bfc062723c751e8b465ee728b)  -> (artifact id: 'bc05e26a67dbf690dc5ef28081e8b0fa') in 0.012366 seconds
  Import took 0.017388 seconds .

========================================================================
Received Import Request.
  Time since last request: 2.819451 seconds.
  path: Assets/Prefab/S_Turret.prefab
  artifactKey: Guid(7a0f5df0ee67dcc46bc08215a00e5a80) Importer(815301076,1909f56bfc062723c751e8b465ee728b)
Start importing Assets/Prefab/S_Turret.prefab using Guid(7a0f5df0ee67dcc46bc08215a00e5a80) Importer(815301076,1909f56bfc062723c751e8b465ee728b)  -> (artifact id: '2857e55634cb1978bfeee0f1c142e03f') in 0.014217 seconds
  Import took 0.017511 seconds .

========================================================================
Received Prepare
Registering precompiled user dll's ...
Registered in 0.001055 seconds.
Begin MonoManager ReloadAssembly
Native extension for WindowsStandalone target not found
Native extension for WebGL target not found
Refreshing native plugins compatible for Editor in 0.60 ms, found 0 plugins.
Preloading 0 native plugins for Editor in 0.00 ms.
Invoked RoslynAnalysisRunner static constructor.
RoslynAnalysisRunner will not be running.
RoslynAnalysisRunner has terminated.
Mono: successfully reloaded assembly
- Completed reload, in  1.346 seconds
Platform modules already initialized, skipping
Refreshing native plugins compatible for Editor in 0.77 ms, found 0 plugins.
Preloading 0 native plugins for Editor in 0.00 ms.
Unloading 1102 Unused Serialized files (Serialized files now loaded: 0)
System memory in use before: 80.4 MB.
System memory in use after: 80.5 MB.

Unloading 5 unused Assets to reduce memory usage. Loaded Objects now: 1601.
Total: 4.096100 ms (FindLiveObjects: 0.369800 ms CreateObjectMapping: 0.151100 ms MarkObjects: 3.476200 ms  DeleteObjects: 0.096400 ms)

========================================================================
Received Import Request.
  Time since last request: 132.035408 seconds.
  path: Assets/Prefab/S_Turret.prefab
  artifactKey: Guid(7a0f5df0ee67dcc46bc08215a00e5a80) Importer(815301076,1909f56bfc062723c751e8b465ee728b)
Start importing Assets/Prefab/S_Turret.prefab using Guid(7a0f5df0ee67dcc46bc08215a00e5a80) Importer(815301076,1909f56bfc062723c751e8b465ee728b)  -> (artifact id: 'c7f6cf512617016e31eacb76f470d96b') in 0.086712 seconds
  Import took 0.123772 seconds .

========================================================================
Received Import Request.
  Time since last request: 5.462888 seconds.
  path: Assets/Prefab/S_Turret.prefab
  artifactKey: Guid(7a0f5df0ee67dcc46bc08215a00e5a80) Importer(815301076,1909f56bfc062723c751e8b465ee728b)
Start importing Assets/Prefab/S_Turret.prefab using Guid(7a0f5df0ee67dcc46bc08215a00e5a80) Importer(815301076,1909f56bfc062723c751e8b465ee728b)  -> (artifact id: '9df489e71d1b41348e005c6926fa0832') in 0.095926 seconds
  Import took 0.121507 seconds .

========================================================================
Received Import Request.
  Time since last request: 2.925476 seconds.
  path: Assets/Prefab/S_Turret.prefab
  artifactKey: Guid(7a0f5df0ee67dcc46bc08215a00e5a80) Importer(815301076,1909f56bfc062723c751e8b465ee728b)
Start importing Assets/Prefab/S_Turret.prefab using Guid(7a0f5df0ee67dcc46bc08215a00e5a80) Importer(815301076,1909f56bfc062723c751e8b465ee728b)  -> (artifact id: '71f7db4bcde0fea4b4d4b899c6a9180f') in 0.041456 seconds
  Import took 0.045161 seconds .

========================================================================
Received Prepare
Registering precompiled user dll's ...
Registered in 0.002310 seconds.
Begin MonoManager ReloadAssembly
Native extension for WindowsStandalone target not found
Native extension for WebGL target not found
Refreshing native plugins compatible for Editor in 0.77 ms, found 0 plugins.
Preloading 0 native plugins for Editor in 0.00 ms.
Invoked RoslynAnalysisRunner static constructor.
RoslynAnalysisRunner will not be running.
RoslynAnalysisRunner has terminated.
Mono: successfully reloaded assembly
- Completed reload, in  1.583 seconds
Platform modules already initialized, skipping
Refreshing native plugins compatible for Editor in 0.74 ms, found 0 plugins.
Preloading 0 native plugins for Editor in 0.00 ms.
Unloading 1102 Unused Serialized files (Serialized files now loaded: 0)
System memory in use before: 80.4 MB.
System memory in use after: 80.5 MB.

Unloading 5 unused Assets to reduce memory usage. Loaded Objects now: 1604.
Total: 2.616600 ms (FindLiveObjects: 0.206000 ms CreateObjectMapping: 0.066300 ms MarkObjects: 2.248700 ms  DeleteObjects: 0.094200 ms)

========================================================================
Received Prepare
Registering precompiled user dll's ...
Registered in 0.001108 seconds.
Begin MonoManager ReloadAssembly
Native extension for WindowsStandalone target not found
Native extension for WebGL target not found
Refreshing native plugins compatible for Editor in 0.81 ms, found 0 plugins.
Preloading 0 native plugins for Editor in 0.00 ms.
Invoked RoslynAnalysisRunner static constructor.
RoslynAnalysisRunner will not be running.
RoslynAnalysisRunner has terminated.
Mono: successfully reloaded assembly
- Completed reload, in  1.210 seconds
Platform modules already initialized, skipping
Refreshing native plugins compatible for Editor in 0.59 ms, found 0 plugins.
Preloading 0 native plugins for Editor in 0.00 ms.
Unloading 1102 Unused Serialized files (Serialized files now loaded: 0)
System memory in use before: 80.4 MB.
System memory in use after: 80.5 MB.

Unloading 5 unused Assets to reduce memory usage. Loaded Objects now: 1606.
Total: 2.358800 ms (FindLiveObjects: 0.256500 ms CreateObjectMapping: 0.055800 ms MarkObjects: 1.964200 ms  DeleteObjects: 0.080700 ms)

========================================================================
Received Import Request.
  Time since last request: 152.006792 seconds.
  path: Assets/Prefab/S_Turret.prefab
  artifactKey: Guid(7a0f5df0ee67dcc46bc08215a00e5a80) Importer(815301076,1909f56bfc062723c751e8b465ee728b)
Start importing Assets/Prefab/S_Turret.prefab using Guid(7a0f5df0ee67dcc46bc08215a00e5a80) Importer(815301076,1909f56bfc062723c751e8b465ee728b)  -> (artifact id: '2e4b2493bd3be1742a9d74d65a30535b') in 0.081195 seconds
  Import took 0.173735 seconds .

========================================================================
Received Prepare
Registering precompiled user dll's ...
Registered in 0.000995 seconds.
Begin MonoManager ReloadAssembly
Native extension for WindowsStandalone target not found
Native extension for WebGL target not found
Refreshing native plugins compatible for Editor in 0.81 ms, found 0 plugins.
Preloading 0 native plugins for Editor in 0.00 ms.
Invoked RoslynAnalysisRunner static constructor.
RoslynAnalysisRunner will not be running.
RoslynAnalysisRunner has terminated.
Mono: successfully reloaded assembly
- Completed reload, in  1.855 seconds
Platform modules already initialized, skipping
Refreshing native plugins compatible for Editor in 1.19 ms, found 0 plugins.
Preloading 0 native plugins for Editor in 0.00 ms.
Unloading 1102 Unused Serialized files (Serialized files now loaded: 0)
System memory in use before: 80.5 MB.
System memory in use after: 80.5 MB.

Unloading 5 unused Assets to reduce memory usage. Loaded Objects now: 1609.
Total: 4.631200 ms (FindLiveObjects: 0.243300 ms CreateObjectMapping: 0.077900 ms MarkObjects: 3.695900 ms  DeleteObjects: 0.611400 ms)

========================================================================
Received Import Request.
  Time since last request: 93.282561 seconds.
  path: Assets/Anim/BulletAnim/Bullet6.anim
  artifactKey: Guid(7efca6cab0c790d48bfb81b5f3218fd7) Importer(815301076,1909f56bfc062723c751e8b465ee728b)
Start importing Assets/Anim/BulletAnim/Bullet6.anim using Guid(7efca6cab0c790d48bfb81b5f3218fd7) Importer(815301076,1909f56bfc062723c751e8b465ee728b)  -> (artifact id: 'b6420fbe03241f7f17835ac2c7c88a74') in 0.051487 seconds
  Import took 0.081024 seconds .

========================================================================
Received Prepare
Registering precompiled user dll's ...
Registered in 0.001133 seconds.
Begin MonoManager ReloadAssembly
Native extension for WindowsStandalone target not found
Native extension for WebGL target not found
Refreshing native plugins compatible for Editor in 0.57 ms, found 0 plugins.
Preloading 0 native plugins for Editor in 0.00 ms.
Invoked RoslynAnalysisRunner static constructor.
RoslynAnalysisRunner will not be running.
RoslynAnalysisRunner has terminated.
Mono: successfully reloaded assembly
- Completed reload, in  1.151 seconds
Platform modules already initialized, skipping
Refreshing native plugins compatible for Editor in 0.55 ms, found 0 plugins.
Preloading 0 native plugins for Editor in 0.00 ms.
Unloading 1102 Unused Serialized files (Serialized files now loaded: 0)
System memory in use before: 80.5 MB.
System memory in use after: 80.5 MB.

Unloading 5 unused Assets to reduce memory usage. Loaded Objects now: 1611.
Total: 2.162200 ms (FindLiveObjects: 0.165200 ms CreateObjectMapping: 0.050300 ms MarkObjects: 1.869000 ms  DeleteObjects: 0.076500 ms)

========================================================================
Received Prepare
Registering precompiled user dll's ...
Registered in 0.001448 seconds.
Begin MonoManager ReloadAssembly
Native extension for WindowsStandalone target not found
Native extension for WebGL target not found
Refreshing native plugins compatible for Editor in 0.89 ms, found 0 plugins.
Preloading 0 native plugins for Editor in 0.00 ms.
Invoked RoslynAnalysisRunner static constructor.
RoslynAnalysisRunner will not be running.
RoslynAnalysisRunner has terminated.
Mono: successfully reloaded assembly
- Completed reload, in  1.607 seconds
Platform modules already initialized, skipping
Refreshing native plugins compatible for Editor in 0.71 ms, found 0 plugins.
Preloading 0 native plugins for Editor in 0.00 ms.
Unloading 1102 Unused Serialized files (Serialized files now loaded: 0)
System memory in use before: 80.5 MB.
System memory in use after: 80.5 MB.

Unloading 5 unused Assets to reduce memory usage. Loaded Objects now: 1613.
Total: 2.794600 ms (FindLiveObjects: 0.337200 ms CreateObjectMapping: 0.096900 ms MarkObjects: 2.271300 ms  DeleteObjects: 0.086900 ms)

========================================================================
Received Prepare
Registering precompiled user dll's ...
Registered in 0.001003 seconds.
Begin MonoManager ReloadAssembly
Native extension for WindowsStandalone target not found
Native extension for WebGL target not found
Refreshing native plugins compatible for Editor in 0.70 ms, found 0 plugins.
Preloading 0 native plugins for Editor in 0.00 ms.
Invoked RoslynAnalysisRunner static constructor.
RoslynAnalysisRunner will not be running.
RoslynAnalysisRunner has terminated.
Mono: successfully reloaded assembly
- Completed reload, in  1.256 seconds
Platform modules already initialized, skipping
Refreshing native plugins compatible for Editor in 0.94 ms, found 0 plugins.
Preloading 0 native plugins for Editor in 0.00 ms.
Unloading 1102 Unused Serialized files (Serialized files now loaded: 0)
System memory in use before: 80.5 MB.
System memory in use after: 80.5 MB.

Unloading 5 unused Assets to reduce memory usage. Loaded Objects now: 1615.
Total: 2.768300 ms (FindLiveObjects: 0.230900 ms CreateObjectMapping: 0.067300 ms MarkObjects: 2.358000 ms  DeleteObjects: 0.110000 ms)

========================================================================
Received Import Request.
  Time since last request: 614.222653 seconds.
  path: Assets/Prefab/S_Turret.prefab
  artifactKey: Guid(7a0f5df0ee67dcc46bc08215a00e5a80) Importer(815301076,1909f56bfc062723c751e8b465ee728b)
Start importing Assets/Prefab/S_Turret.prefab using Guid(7a0f5df0ee67dcc46bc08215a00e5a80) Importer(815301076,1909f56bfc062723c751e8b465ee728b)  -> (artifact id: 'eb5f39b1eb645d38f2a0158009d4fbf3') in 0.094523 seconds
  Import took 0.125540 seconds .

========================================================================
Received Prepare
Registering precompiled user dll's ...
Registered in 0.001270 seconds.
Begin MonoManager ReloadAssembly
Native extension for WindowsStandalone target not found
Native extension for WebGL target not found
Refreshing native plugins compatible for Editor in 0.62 ms, found 0 plugins.
Preloading 0 native plugins for Editor in 0.00 ms.
Invoked RoslynAnalysisRunner static constructor.
RoslynAnalysisRunner will not be running.
RoslynAnalysisRunner has terminated.
Mono: successfully reloaded assembly
- Completed reload, in  1.236 seconds
Platform modules already initialized, skipping
Refreshing native plugins compatible for Editor in 1.26 ms, found 0 plugins.
Preloading 0 native plugins for Editor in 0.00 ms.
Unloading 1102 Unused Serialized files (Serialized files now loaded: 0)
System memory in use before: 80.5 MB.
System memory in use after: 80.5 MB.

Unloading 5 unused Assets to reduce memory usage. Loaded Objects now: 1618.
Total: 3.293400 ms (FindLiveObjects: 0.258300 ms CreateObjectMapping: 0.072100 ms MarkObjects: 2.860900 ms  DeleteObjects: 0.099900 ms)

========================================================================
Received Import Request.
  Time since last request: 14.759407 seconds.
  path: Assets/Prefab/jill.prefab
  artifactKey: Guid(d083561fe3044b740940e7be08a2d97d) Importer(815301076,1909f56bfc062723c751e8b465ee728b)
Start importing Assets/Prefab/jill.prefab using Guid(d083561fe3044b740940e7be08a2d97d) Importer(815301076,1909f56bfc062723c751e8b465ee728b)  -> (artifact id: 'b8e92024aef3ecb0e11b25b8778bc421') in 0.570868 seconds
  Import took 0.599933 seconds .

========================================================================
Received Import Request.
  Time since last request: 0.418038 seconds.
  path: Assets/Prefab/jill.prefab
  artifactKey: Guid(d083561fe3044b740940e7be08a2d97d) Importer(815301076,1909f56bfc062723c751e8b465ee728b)
Start importing Assets/Prefab/jill.prefab using Guid(d083561fe3044b740940e7be08a2d97d) Importer(815301076,1909f56bfc062723c751e8b465ee728b)  -> (artifact id: 'eff36a5f03d43e96c582fa43f38deb27') in 0.066324 seconds
  Import took 0.090297 seconds .

========================================================================
Received Prepare
Registering precompiled user dll's ...
Registered in 0.001357 seconds.
Begin MonoManager ReloadAssembly
Native extension for WindowsStandalone target not found
Native extension for WebGL target not found
Refreshing native plugins compatible for Editor in 1.98 ms, found 0 plugins.
Preloading 0 native plugins for Editor in 0.02 ms.
Invoked RoslynAnalysisRunner static constructor.
RoslynAnalysisRunner will not be running.
RoslynAnalysisRunner has terminated.
Mono: successfully reloaded assembly
- Completed reload, in  2.832 seconds
Platform modules already initialized, skipping
Refreshing native plugins compatible for Editor in 1.75 ms, found 0 plugins.
Preloading 0 native plugins for Editor in 0.00 ms.
Unloading 1102 Unused Serialized files (Serialized files now loaded: 0)
System memory in use before: 80.5 MB.
System memory in use after: 80.6 MB.

Unloading 5 unused Assets to reduce memory usage. Loaded Objects now: 1621.
Total: 9.303000 ms (FindLiveObjects: 1.113800 ms CreateObjectMapping: 0.347900 ms MarkObjects: 7.629500 ms  DeleteObjects: 0.202200 ms)

========================================================================
Received Import Request.
  Time since last request: 12.266215 seconds.
  path: Assets/Prefab/jill.prefab
  artifactKey: Guid(d083561fe3044b740940e7be08a2d97d) Importer(815301076,1909f56bfc062723c751e8b465ee728b)
Start importing Assets/Prefab/jill.prefab using Guid(d083561fe3044b740940e7be08a2d97d) Importer(815301076,1909f56bfc062723c751e8b465ee728b)  -> (artifact id: '7a69c92b7fae95f18a02800f3e5fffcc') in 0.376861 seconds
  Import took 0.390208 seconds .

========================================================================
Received Prepare
Registering precompiled user dll's ...
Registered in 0.003040 seconds.
Begin MonoManager ReloadAssembly
Native extension for WindowsStandalone target not found
Native extension for WebGL target not found
Refreshing native plugins compatible for Editor in 1.04 ms, found 0 plugins.
Preloading 0 native plugins for Editor in 0.00 ms.
Invoked RoslynAnalysisRunner static constructor.
RoslynAnalysisRunner will not be running.
RoslynAnalysisRunner has terminated.
Mono: successfully reloaded assembly
- Completed reload, in  6.863 seconds
Platform modules already initialized, skipping
Refreshing native plugins compatible for Editor in 1.02 ms, found 0 plugins.
Preloading 0 native plugins for Editor in 0.00 ms.
Unloading 1102 Unused Serialized files (Serialized files now loaded: 0)
System memory in use before: 80.5 MB.
System memory in use after: 80.6 MB.

Unloading 5 unused Assets to reduce memory usage. Loaded Objects now: 1624.
Total: 3.138700 ms (FindLiveObjects: 0.325800 ms CreateObjectMapping: 0.079400 ms MarkObjects: 2.614500 ms  DeleteObjects: 0.116600 ms)

========================================================================
Received Prepare
Registering precompiled user dll's ...
Registered in 0.001540 seconds.
Begin MonoManager ReloadAssembly
Native extension for WindowsStandalone target not found
Native extension for WebGL target not found
Refreshing native plugins compatible for Editor in 0.75 ms, found 0 plugins.
Preloading 0 native plugins for Editor in 0.00 ms.
Invoked RoslynAnalysisRunner static constructor.
RoslynAnalysisRunner will not be running.
RoslynAnalysisRunner has terminated.
Mono: successfully reloaded assembly
- Completed reload, in  1.490 seconds
Platform modules already initialized, skipping
Refreshing native plugins compatible for Editor in 0.72 ms, found 0 plugins.
Preloading 0 native plugins for Editor in 0.00 ms.
Unloading 1102 Unused Serialized files (Serialized files now loaded: 0)
System memory in use before: 80.5 MB.
System memory in use after: 80.6 MB.

Unloading 5 unused Assets to reduce memory usage. Loaded Objects now: 1626.
Total: 3.083700 ms (FindLiveObjects: 0.205800 ms CreateObjectMapping: 0.061500 ms MarkObjects: 2.707600 ms  DeleteObjects: 0.106400 ms)

========================================================================
Received Prepare
Registering precompiled user dll's ...
Registered in 0.001695 seconds.
Begin MonoManager ReloadAssembly
Native extension for WindowsStandalone target not found
Native extension for WebGL target not found
Refreshing native plugins compatible for Editor in 1.03 ms, found 0 plugins.
Preloading 0 native plugins for Editor in 0.00 ms.
Invoked RoslynAnalysisRunner static constructor.
RoslynAnalysisRunner will not be running.
RoslynAnalysisRunner has terminated.
Mono: successfully reloaded assembly
- Completed reload, in  1.585 seconds
Platform modules already initialized, skipping
Refreshing native plugins compatible for Editor in 0.64 ms, found 0 plugins.
Preloading 0 native plugins for Editor in 0.00 ms.
Unloading 1102 Unused Serialized files (Serialized files now loaded: 0)
System memory in use before: 80.5 MB.
System memory in use after: 80.6 MB.

Unloading 5 unused Assets to reduce memory usage. Loaded Objects now: 1628.
Total: 2.590700 ms (FindLiveObjects: 0.248600 ms CreateObjectMapping: 0.067300 ms MarkObjects: 2.191800 ms  DeleteObjects: 0.081000 ms)

========================================================================
Received Prepare
Registering precompiled user dll's ...
Registered in 0.001605 seconds.
Begin MonoManager ReloadAssembly
Native extension for WindowsStandalone target not found
Native extension for WebGL target not found
Refreshing native plugins compatible for Editor in 0.67 ms, found 0 plugins.
Preloading 0 native plugins for Editor in 0.00 ms.
Invoked RoslynAnalysisRunner static constructor.
RoslynAnalysisRunner will not be running.
RoslynAnalysisRunner has terminated.
Mono: successfully reloaded assembly
- Completed reload, in  1.548 seconds
Platform modules already initialized, skipping
Refreshing native plugins compatible for Editor in 0.62 ms, found 0 plugins.
Preloading 0 native plugins for Editor in 0.00 ms.
Unloading 1102 Unused Serialized files (Serialized files now loaded: 0)
System memory in use before: 80.5 MB.
System memory in use after: 80.6 MB.

Unloading 5 unused Assets to reduce memory usage. Loaded Objects now: 1630.
Total: 5.127700 ms (FindLiveObjects: 0.302800 ms CreateObjectMapping: 0.214600 ms MarkObjects: 4.494000 ms  DeleteObjects: 0.112600 ms)

========================================================================
Received Prepare
Registering precompiled user dll's ...
Registered in 0.001302 seconds.
Begin MonoManager ReloadAssembly
Native extension for WindowsStandalone target not found
Native extension for WebGL target not found
Refreshing native plugins compatible for Editor in 0.75 ms, found 0 plugins.
Preloading 0 native plugins for Editor in 0.00 ms.
Invoked RoslynAnalysisRunner static constructor.
RoslynAnalysisRunner will not be running.
RoslynAnalysisRunner has terminated.
Mono: successfully reloaded assembly
- Completed reload, in  1.591 seconds
Platform modules already initialized, skipping
Refreshing native plugins compatible for Editor in 0.79 ms, found 0 plugins.
Preloading 0 native plugins for Editor in 0.00 ms.
Unloading 1102 Unused Serialized files (Serialized files now loaded: 0)
System memory in use before: 80.5 MB.
System memory in use after: 80.6 MB.

Unloading 5 unused Assets to reduce memory usage. Loaded Objects now: 1632.
Total: 2.599800 ms (FindLiveObjects: 0.192700 ms CreateObjectMapping: 0.054400 ms MarkObjects: 2.257200 ms  DeleteObjects: 0.093600 ms)

========================================================================
Received Prepare
Registering precompiled user dll's ...
Registered in 0.001901 seconds.
Begin MonoManager ReloadAssembly
Native extension for WindowsStandalone target not found
Native extension for WebGL target not found
Refreshing native plugins compatible for Editor in 1.04 ms, found 0 plugins.
Preloading 0 native plugins for Editor in 0.00 ms.
Invoked RoslynAnalysisRunner static constructor.
RoslynAnalysisRunner will not be running.
RoslynAnalysisRunner has terminated.
Mono: successfully reloaded assembly
- Completed reload, in  1.537 seconds
Platform modules already initialized, skipping
Refreshing native plugins compatible for Editor in 0.68 ms, found 0 plugins.
Preloading 0 native plugins for Editor in 0.00 ms.
Unloading 1102 Unused Serialized files (Serialized files now loaded: 0)
System memory in use before: 80.5 MB.
System memory in use after: 80.6 MB.

Unloading 5 unused Assets to reduce memory usage. Loaded Objects now: 1634.
Total: 4.585700 ms (FindLiveObjects: 0.896000 ms CreateObjectMapping: 0.271600 ms MarkObjects: 3.311800 ms  DeleteObjects: 0.102400 ms)

========================================================================
Received Import Request.
  Time since last request: 905.243759 seconds.
  path: Assets/Prefab/jill.prefab
  artifactKey: Guid(d083561fe3044b740940e7be08a2d97d) Importer(815301076,1909f56bfc062723c751e8b465ee728b)
Start importing Assets/Prefab/jill.prefab using Guid(d083561fe3044b740940e7be08a2d97d) Importer(815301076,1909f56bfc062723c751e8b465ee728b)  -> (artifact id: '2e62f5231b7e380474946037edeca6a4') in 0.519847 seconds
  Import took 0.547756 seconds .

========================================================================
Received Import Request.
  Time since last request: 4.571835 seconds.
  path: Assets/Prefab/jill.prefab
  artifactKey: Guid(d083561fe3044b740940e7be08a2d97d) Importer(815301076,1909f56bfc062723c751e8b465ee728b)
Start importing Assets/Prefab/jill.prefab using Guid(d083561fe3044b740940e7be08a2d97d) Importer(815301076,1909f56bfc062723c751e8b465ee728b)  -> (artifact id: '2e62f5231b7e380474946037edeca6a4') in 0.049887 seconds
  Import took 0.055565 seconds .

========================================================================
Received Prepare
Registering precompiled user dll's ...
Registered in 0.001620 seconds.
Begin MonoManager ReloadAssembly
Native extension for WindowsStandalone target not found
Native extension for WebGL target not found
Refreshing native plugins compatible for Editor in 0.81 ms, found 0 plugins.
Preloading 0 native plugins for Editor in 0.00 ms.
Invoked RoslynAnalysisRunner static constructor.
RoslynAnalysisRunner will not be running.
RoslynAnalysisRunner has terminated.
Mono: successfully reloaded assembly
- Completed reload, in  1.870 seconds
Platform modules already initialized, skipping
Refreshing native plugins compatible for Editor in 0.57 ms, found 0 plugins.
Preloading 0 native plugins for Editor in 0.00 ms.
Unloading 1102 Unused Serialized files (Serialized files now loaded: 0)
System memory in use before: 80.6 MB.
System memory in use after: 80.6 MB.

Unloading 5 unused Assets to reduce memory usage. Loaded Objects now: 1637.
Total: 2.204300 ms (FindLiveObjects: 0.192000 ms CreateObjectMapping: 0.050700 ms MarkObjects: 1.885800 ms  DeleteObjects: 0.074600 ms)

AssetImportWorkerClient::OnTransportError - code=2 error=End of file
